# JRE version: OpenJDK Runtime Environment (8.0_242-b01) (build 1.8.0_242-release-1644-b01)
# Java VM: OpenJDK 64-Bit Server VM (25.242-b01 mixed mode windows-amd64 compressed oops)
Heap:
 PSYoungGen      total 197120K, used 192328K [0x00000000d5580000, 0x00000000e4700000, 0x0000000100000000)
  eden space 177152K, 100% used [0x00000000d5580000,0x00000000e0280000,0x00000000e0280000)
  from space 19968K, 76% used [0x00000000e0280000,0x00000000e1152140,0x00000000e1600000)
  to   space 20480K, 99% used [0x00000000e3300000,0x00000000e46ffa20,0x00000000e4700000)
 ParOldGen       total 230400K, used 38721K [0x0000000080000000, 0x000000008e100000, 0x00000000d5580000)
  object space 230400K, 16% used [0x0000000080000000,0x00000000825eece0,0x000000008e100000)
 Metaspace       used 70279K, capacity 74906K, committed 75176K, reserved 1120256K
  class space    used 9825K, capacity 10646K, committed 10664K, reserved 1048576K
GC Heap History (10 events):
Event: 10.374 GC heap before
{Heap before GC invocations=10 (full 2):
 PSYoungGen      total 112128K, used 99840K [0x00000000d5580000, 0x00000000e0d80000, 0x0000000100000000)
  eden space 99840K, 100% used [0x00000000d5580000,0x00000000db700000,0x00000000db700000)
  from space 12288K, 0% used [0x00000000db700000,0x00000000db700000,0x00000000dc300000)
  to   space 11776K, 0% used [0x00000000e0200000,0x00000000e0200000,0x00000000e0d80000)
 ParOldGen       total 150528K, used 14933K [0x0000000080000000, 0x0000000089300000, 0x00000000d5580000)
  object space 150528K, 9% used [0x0000000080000000,0x0000000080e95700,0x0000000089300000)
 Metaspace       used 37463K, capacity 39284K, committed 39464K, reserved 1083392K
  class space    used 5154K, capacity 5565K, committed 5672K, reserved 1048576K
Event: 10.385 GC heap after
Heap after GC invocations=10 (full 2):
 PSYoungGen      total 151552K, used 7676K [0x00000000d5580000, 0x00000000e0980000, 0x0000000100000000)
  eden space 143872K, 0% used [0x00000000d5580000,0x00000000d5580000,0x00000000de200000)
  from space 7680K, 99% used [0x00000000e0200000,0x00000000e097f120,0x00000000e0980000)
  to   space 11776K, 0% used [0x00000000df280000,0x00000000df280000,0x00000000dfe00000)
 ParOldGen       total 150528K, used 14941K [0x0000000080000000, 0x0000000089300000, 0x00000000d5580000)
  object space 150528K, 9% used [0x0000000080000000,0x0000000080e97700,0x0000000089300000)
 Metaspace       used 37463K, capacity 39284K, committed 39464K, reserved 1083392K
  class space    used 5154K, capacity 5565K, committed 5672K, reserved 1048576K
}
Event: 13.008 GC heap before
{Heap before GC invocations=11 (full 2):
 PSYoungGen      total 151552K, used 151548K [0x00000000d5580000, 0x00000000e0980000, 0x0000000100000000)
  eden space 143872K, 100% used [0x00000000d5580000,0x00000000de200000,0x00000000de200000)
  from space 7680K, 99% used [0x00000000e0200000,0x00000000e097f120,0x00000000e0980000)
  to   space 11776K, 0% used [0x00000000df280000,0x00000000df280000,0x00000000dfe00000)
 ParOldGen       total 150528K, used 14941K [0x0000000080000000, 0x0000000089300000, 0x00000000d5580000)
  object space 150528K, 9% used [0x0000000080000000,0x0000000080e97700,0x0000000089300000)
 Metaspace       used 50892K, capacity 53212K, committed 53544K, reserved 1095680K
  class space    used 6838K, capacity 7358K, committed 7464K, reserved 1048576K
Event: 13.037 GC heap after
Heap after GC invocations=11 (full 2):
 PSYoungGen      total 172544K, used 11748K [0x00000000d5580000, 0x00000000e2680000, 0x0000000100000000)
  eden space 160768K, 0% used [0x00000000d5580000,0x00000000d5580000,0x00000000df280000)
  from space 11776K, 99% used [0x00000000df280000,0x00000000dfdf9320,0x00000000dfe00000)
  to   space 16896K, 0% used [0x00000000e1600000,0x00000000e1600000,0x00000000e2680000)
 ParOldGen       total 150528K, used 26083K [0x0000000080000000, 0x0000000089300000, 0x00000000d5580000)
  object space 150528K, 17% used [0x0000000080000000,0x0000000081978fe8,0x0000000089300000)
 Metaspace       used 50892K, capacity 53212K, committed 53544K, reserved 1095680K
  class space    used 6838K, capacity 7358K, committed 7464K, reserved 1048576K
}
Event: 14.303 GC heap before
{Heap before GC invocations=12 (full 2):
 PSYoungGen      total 172544K, used 71778K [0x00000000d5580000, 0x00000000e2680000, 0x0000000100000000)
  eden space 160768K, 37% used [0x00000000d5580000,0x00000000d901f8b0,0x00000000df280000)
  from space 11776K, 99% used [0x00000000df280000,0x00000000dfdf9320,0x00000000dfe00000)
  to   space 16896K, 0% used [0x00000000e1600000,0x00000000e1600000,0x00000000e2680000)
 ParOldGen       total 150528K, used 26083K [0x0000000080000000, 0x0000000089300000, 0x00000000d5580000)
  object space 150528K, 17% used [0x0000000080000000,0x0000000081978fe8,0x0000000089300000)
 Metaspace       used 56429K, capacity 59052K, committed 59160K, reserved 1099776K
  class space    used 7738K, capacity 8313K, committed 8360K, reserved 1048576K
Event: 14.328 GC heap after
Heap after GC invocations=12 (full 2):
 PSYoungGen      total 194048K, used 16869K [0x00000000d5580000, 0x00000000e4300000, 0x0000000100000000)
  eden space 177152K, 0% used [0x00000000d5580000,0x00000000d5580000,0x00000000e0280000)
  from space 16896K, 99% used [0x00000000e1600000,0x00000000e26794f8,0x00000000e2680000)
  to   space 19968K, 0% used [0x00000000e0280000,0x00000000e0280000,0x00000000e1600000)
 ParOldGen       total 150528K, used 28567K [0x0000000080000000, 0x0000000089300000, 0x00000000d5580000)
  object space 150528K, 18% used [0x0000000080000000,0x0000000081be5c28,0x0000000089300000)
 Metaspace       used 56429K, capacity 59052K, committed 59160K, reserved 1099776K
  class space    used 7738K, capacity 8313K, committed 8360K, reserved 1048576K
}
Event: 14.328 GC heap before
{Heap before GC invocations=13 (full 3):
 PSYoungGen      total 194048K, used 16869K [0x00000000d5580000, 0x00000000e4300000, 0x0000000100000000)
  eden space 177152K, 0% used [0x00000000d5580000,0x00000000d5580000,0x00000000e0280000)
  from space 16896K, 99% used [0x00000000e1600000,0x00000000e26794f8,0x00000000e2680000)
  to   space 19968K, 0% used [0x00000000e0280000,0x00000000e0280000,0x00000000e1600000)
 ParOldGen       total 150528K, used 28567K [0x0000000080000000, 0x0000000089300000, 0x00000000d5580000)
  object space 150528K, 18% used [0x0000000080000000,0x0000000081be5c28,0x0000000089300000)
 Metaspace       used 56429K, capacity 59052K, committed 59160K, reserved 1099776K
  class space    used 7738K, capacity 8313K, committed 8360K, reserved 1048576K
Event: 14.700 GC heap after
Heap after GC invocations=13 (full 3):
 PSYoungGen      total 194048K, used 0K [0x00000000d5580000, 0x00000000e4300000, 0x0000000100000000)
  eden space 177152K, 0% used [0x00000000d5580000,0x00000000d5580000,0x00000000e0280000)
  from space 16896K, 0% used [0x00000000e1600000,0x00000000e1600000,0x00000000e2680000)
  to   space 19968K, 0% used [0x00000000e0280000,0x00000000e0280000,0x00000000e1600000)
 ParOldGen       total 230400K, used 34185K [0x0000000080000000, 0x000000008e100000, 0x00000000d5580000)
  object space 230400K, 14% used [0x0000000080000000,0x0000000082162530,0x000000008e100000)
 Metaspace       used 56360K, capacity 58818K, committed 59160K, reserved 1099776K
  class space    used 7716K, capacity 8274K, committed 8360K, reserved 1048576K
}
Event: 17.217 GC heap before
{Heap before GC invocations=14 (full 3):
 PSYoungGen      total 194048K, used 177152K [0x00000000d5580000, 0x00000000e4300000, 0x0000000100000000)
  eden space 177152K, 100% used [0x00000000d5580000,0x00000000e0280000,0x00000000e0280000)
  from space 16896K, 0% used [0x00000000e1600000,0x00000000e1600000,0x00000000e2680000)
  to   space 19968K, 0% used [0x00000000e0280000,0x00000000e0280000,0x00000000e1600000)
 ParOldGen       total 230400K, used 34185K [0x0000000080000000, 0x000000008e100000, 0x00000000d5580000)
  object space 230400K, 14% used [0x0000000080000000,0x0000000082162530,0x000000008e100000)
 Metaspace       used 63703K, capacity 67180K, committed 67496K, reserved 1107968K
  class space    used 8867K, capacity 9543K, committed 9640K, reserved 1048576K
Event: 17.233 GC heap after
Heap after GC invocations=14 (full 3):
 PSYoungGen      total 197120K, used 15176K [0x00000000d5580000, 0x00000000e4700000, 0x0000000100000000)
  eden space 177152K, 0% used [0x00000000d5580000,0x00000000d5580000,0x00000000e0280000)
  from space 19968K, 76% used [0x00000000e0280000,0x00000000e1152140,0x00000000e1600000)
  to   space 20480K, 0% used [0x00000000e3300000,0x00000000e3300000,0x00000000e4700000)
 ParOldGen       total 230400K, used 34193K [0x0000000080000000, 0x000000008e100000, 0x00000000d5580000)
  object space 230400K, 14% used [0x0000000080000000,0x0000000082164530,0x000000008e100000)
 Metaspace       used 63703K, capacity 67180K, committed 67496K, reserved 1107968K
  class space    used 8867K, capacity 9543K, committed 9640K, reserved 1048576K
}

