# JRE version: OpenJDK Runtime Environment (8.0_242-b01) (build 1.8.0_242-release-1644-b01)
# Java VM: OpenJDK 64-Bit Server VM (25.242-b01 mixed mode windows-amd64 compressed oops)
Heap:
 PSYoungGen      total 303616K, used 169461K [0x00000000d5580000, 0x00000000e8b80000, 0x0000000100000000)
  eden space 290816K, 57% used [0x00000000d5580000,0x00000000df778638,0x00000000e7180000)
  from space 12800K, 28% used [0x00000000e7e00000,0x00000000e8184e90,0x00000000e8a80000)
  to   space 12800K, 0% used [0x00000000e7180000,0x00000000e7180000,0x00000000e7e00000)
 ParOldGen       total 162304K, used 23549K [0x0000000080000000, 0x0000000089e80000, 0x00000000d5580000)
  object space 162304K, 14% used [0x0000000080000000,0x00000000816ff4e0,0x0000000089e80000)
 Metaspace       used 55642K, capacity 58002K, committed 58240K, reserved 1099776K
  class space    used 7298K, capacity 7798K, committed 7808K, reserved 1048576K
GC Heap History (10 events):
Event: 11.696 GC heap before
{Heap before GC invocations=16 (full 2):
 PSYoungGen      total 230912K, used 230882K [0x00000000d5580000, 0x00000000e8a80000, 0x0000000100000000)
  eden space 219136K, 100% used [0x00000000d5580000,0x00000000e2b80000,0x00000000e2b80000)
  from space 11776K, 99% used [0x00000000e2b80000,0x00000000e36f8aa8,0x00000000e3700000)
  to   space 12800K, 0% used [0x00000000e7e00000,0x00000000e7e00000,0x00000000e8a80000)
 ParOldGen       total 162304K, used 17398K [0x0000000080000000, 0x0000000089e80000, 0x00000000d5580000)
  object space 162304K, 10% used [0x0000000080000000,0x00000000810fd9b0,0x0000000089e80000)
 Metaspace       used 40607K, capacity 42242K, committed 42496K, reserved 1085440K
  class space    used 5427K, capacity 5766K, committed 5888K, reserved 1048576K
Event: 11.701 GC heap after
Heap after GC invocations=16 (full 2):
 PSYoungGen      total 303616K, used 6336K [0x00000000d5580000, 0x00000000e8b80000, 0x0000000100000000)
  eden space 290816K, 0% used [0x00000000d5580000,0x00000000d5580000,0x00000000e7180000)
  from space 12800K, 49% used [0x00000000e7e00000,0x00000000e84300e0,0x00000000e8a80000)
  to   space 12800K, 0% used [0x00000000e7180000,0x00000000e7180000,0x00000000e7e00000)
 ParOldGen       total 162304K, used 22560K [0x0000000080000000, 0x0000000089e80000, 0x00000000d5580000)
  object space 162304K, 13% used [0x0000000080000000,0x0000000081608160,0x0000000089e80000)
 Metaspace       used 40607K, capacity 42242K, committed 42496K, reserved 1085440K
  class space    used 5427K, capacity 5766K, committed 5888K, reserved 1048576K
}
Event: 12.002 GC heap before
{Heap before GC invocations=17 (full 2):
 PSYoungGen      total 303616K, used 297152K [0x00000000d5580000, 0x00000000e8b80000, 0x0000000100000000)
  eden space 290816K, 100% used [0x00000000d5580000,0x00000000e7180000,0x00000000e7180000)
  from space 12800K, 49% used [0x00000000e7e00000,0x00000000e84300e0,0x00000000e8a80000)
  to   space 12800K, 0% used [0x00000000e7180000,0x00000000e7180000,0x00000000e7e00000)
 ParOldGen       total 162304K, used 22560K [0x0000000080000000, 0x0000000089e80000, 0x00000000d5580000)
  object space 162304K, 13% used [0x0000000080000000,0x0000000081608160,0x0000000089e80000)
 Metaspace       used 40607K, capacity 42242K, committed 42496K, reserved 1085440K
  class space    used 5427K, capacity 5766K, committed 5888K, reserved 1048576K
Event: 12.006 GC heap after
Heap after GC invocations=17 (full 2):
 PSYoungGen      total 303616K, used 6016K [0x00000000d5580000, 0x00000000e8b80000, 0x0000000100000000)
  eden space 290816K, 0% used [0x00000000d5580000,0x00000000d5580000,0x00000000e7180000)
  from space 12800K, 47% used [0x00000000e7180000,0x00000000e77600d0,0x00000000e7e00000)
  to   space 12800K, 0% used [0x00000000e7e00000,0x00000000e7e00000,0x00000000e8a80000)
 ParOldGen       total 162304K, used 23197K [0x0000000080000000, 0x0000000089e80000, 0x00000000d5580000)
  object space 162304K, 14% used [0x0000000080000000,0x00000000816a74d0,0x0000000089e80000)
 Metaspace       used 40607K, capacity 42242K, committed 42496K, reserved 1085440K
  class space    used 5427K, capacity 5766K, committed 5888K, reserved 1048576K
}
Event: 12.665 GC heap before
{Heap before GC invocations=18 (full 2):
 PSYoungGen      total 303616K, used 296832K [0x00000000d5580000, 0x00000000e8b80000, 0x0000000100000000)
  eden space 290816K, 100% used [0x00000000d5580000,0x00000000e7180000,0x00000000e7180000)
  from space 12800K, 47% used [0x00000000e7180000,0x00000000e77600d0,0x00000000e7e00000)
  to   space 12800K, 0% used [0x00000000e7e00000,0x00000000e7e00000,0x00000000e8a80000)
 ParOldGen       total 162304K, used 23197K [0x0000000080000000, 0x0000000089e80000, 0x00000000d5580000)
  object space 162304K, 14% used [0x0000000080000000,0x00000000816a74d0,0x0000000089e80000)
 Metaspace       used 40608K, capacity 42242K, committed 42496K, reserved 1085440K
  class space    used 5427K, capacity 5766K, committed 5888K, reserved 1048576K
Event: 12.671 GC heap after
Heap after GC invocations=18 (full 2):
 PSYoungGen      total 303616K, used 5888K [0x00000000d5580000, 0x00000000e8b80000, 0x0000000100000000)
  eden space 290816K, 0% used [0x00000000d5580000,0x00000000d5580000,0x00000000e7180000)
  from space 12800K, 46% used [0x00000000e7e00000,0x00000000e83c00d0,0x00000000e8a80000)
  to   space 12800K, 0% used [0x00000000e7180000,0x00000000e7180000,0x00000000e7e00000)
 ParOldGen       total 162304K, used 23541K [0x0000000080000000, 0x0000000089e80000, 0x00000000d5580000)
  object space 162304K, 14% used [0x0000000080000000,0x00000000816fd4e0,0x0000000089e80000)
 Metaspace       used 40608K, capacity 42242K, committed 42496K, reserved 1085440K
  class space    used 5427K, capacity 5766K, committed 5888K, reserved 1048576K
}
Event: 16.478 GC heap before
{Heap before GC invocations=19 (full 2):
 PSYoungGen      total 303616K, used 296704K [0x00000000d5580000, 0x00000000e8b80000, 0x0000000100000000)
  eden space 290816K, 100% used [0x00000000d5580000,0x00000000e7180000,0x00000000e7180000)
  from space 12800K, 46% used [0x00000000e7e00000,0x00000000e83c00d0,0x00000000e8a80000)
  to   space 12800K, 0% used [0x00000000e7180000,0x00000000e7180000,0x00000000e7e00000)
 ParOldGen       total 162304K, used 23541K [0x0000000080000000, 0x0000000089e80000, 0x00000000d5580000)
  object space 162304K, 14% used [0x0000000080000000,0x00000000816fd4e0,0x0000000089e80000)
 Metaspace       used 40873K, capacity 42502K, committed 42752K, reserved 1085440K
  class space    used 5460K, capacity 5780K, committed 5888K, reserved 1048576K
Event: 16.482 GC heap after
Heap after GC invocations=19 (full 2):
 PSYoungGen      total 303616K, used 2880K [0x00000000d5580000, 0x00000000e8b80000, 0x0000000100000000)
  eden space 290816K, 0% used [0x00000000d5580000,0x00000000d5580000,0x00000000e7180000)
  from space 12800K, 22% used [0x00000000e7180000,0x00000000e74500d0,0x00000000e7e00000)
  to   space 12800K, 0% used [0x00000000e7e00000,0x00000000e7e00000,0x00000000e8a80000)
 ParOldGen       total 162304K, used 23549K [0x0000000080000000, 0x0000000089e80000, 0x00000000d5580000)
  object space 162304K, 14% used [0x0000000080000000,0x00000000816ff4e0,0x0000000089e80000)
 Metaspace       used 40873K, capacity 42502K, committed 42752K, reserved 1085440K
  class space    used 5460K, capacity 5780K, committed 5888K, reserved 1048576K
}
Event: 19.402 GC heap before
{Heap before GC invocations=20 (full 2):
 PSYoungGen      total 303616K, used 293696K [0x00000000d5580000, 0x00000000e8b80000, 0x0000000100000000)
  eden space 290816K, 100% used [0x00000000d5580000,0x00000000e7180000,0x00000000e7180000)
  from space 12800K, 22% used [0x00000000e7180000,0x00000000e74500d0,0x00000000e7e00000)
  to   space 12800K, 0% used [0x00000000e7e00000,0x00000000e7e00000,0x00000000e8a80000)
 ParOldGen       total 162304K, used 23549K [0x0000000080000000, 0x0000000089e80000, 0x00000000d5580000)
  object space 162304K, 14% used [0x0000000080000000,0x00000000816ff4e0,0x0000000089e80000)
 Metaspace       used 41137K, capacity 42798K, committed 43008K, reserved 1087488K
  class space    used 5482K, capacity 5823K, committed 5888K, reserved 1048576K
Event: 19.413 GC heap after
Heap after GC invocations=20 (full 2):
 PSYoungGen      total 303616K, used 3603K [0x00000000d5580000, 0x00000000e8b80000, 0x0000000100000000)
  eden space 290816K, 0% used [0x00000000d5580000,0x00000000d5580000,0x00000000e7180000)
  from space 12800K, 28% used [0x00000000e7e00000,0x00000000e8184e90,0x00000000e8a80000)
  to   space 12800K, 0% used [0x00000000e7180000,0x00000000e7180000,0x00000000e7e00000)
 ParOldGen       total 162304K, used 23549K [0x0000000080000000, 0x0000000089e80000, 0x00000000d5580000)
  object space 162304K, 14% used [0x0000000080000000,0x00000000816ff4e0,0x0000000089e80000)
 Metaspace       used 41137K, capacity 42798K, committed 43008K, reserved 1087488K
  class space    used 5482K, capacity 5823K, committed 5888K, reserved 1048576K
}

