# JRE version: OpenJDK Runtime Environment (8.0_242-b01) (build 1.8.0_242-release-1644-b01)
# Java VM: OpenJDK 64-Bit Server VM (25.242-b01 mixed mode windows-amd64 compressed oops)
Heap:
 PSYoungGen      total 210944K, used 81443K [0x00000000d5580000, 0x00000000e5880000, 0x0000000100000000)
  eden space 189952K, 31% used [0x00000000d5580000,0x00000000d908a8a8,0x00000000e0f00000)
  from space 20992K, 99% used [0x00000000e4400000,0x00000000e587e538,0x00000000e5880000)
  to   space 19968K, 0% used [0x00000000e0f00000,0x00000000e0f00000,0x00000000e2280000)
 ParOldGen       total 228352K, used 65302K [0x0000000080000000, 0x000000008df00000, 0x00000000d5580000)
  object space 228352K, 28% used [0x0000000080000000,0x0000000083fc5af0,0x000000008df00000)
 Metaspace       used 72370K, capacity 77286K, committed 77352K, reserved 1116160K
  class space    used 10130K, capacity 11014K, committed 11048K, reserved 1048576K
GC Heap History (10 events):
Event: 12.287 GC heap before
{Heap before GC invocations=11 (full 2):
 PSYoungGen      total 159232K, used 158900K [0x00000000d5580000, 0x00000000e1800000, 0x0000000100000000)
  eden space 151552K, 100% used [0x00000000d5580000,0x00000000de980000,0x00000000de980000)
  from space 7680K, 95% used [0x00000000e1080000,0x00000000e17ad1f0,0x00000000e1800000)
  to   space 11776K, 0% used [0x00000000e0100000,0x00000000e0100000,0x00000000e0c80000)
 ParOldGen       total 143872K, used 14974K [0x0000000080000000, 0x0000000088c80000, 0x00000000d5580000)
  object space 143872K, 10% used [0x0000000080000000,0x0000000080e9fa68,0x0000000088c80000)
 Metaspace       used 50952K, capacity 53118K, committed 53288K, reserved 1095680K
  class space    used 6845K, capacity 7341K, committed 7464K, reserved 1048576K
Event: 12.325 GC heap after
Heap after GC invocations=11 (full 2):
 PSYoungGen      total 187392K, used 11748K [0x00000000d5580000, 0x00000000e3380000, 0x0000000100000000)
  eden space 175616K, 0% used [0x00000000d5580000,0x00000000d5580000,0x00000000e0100000)
  from space 11776K, 99% used [0x00000000e0100000,0x00000000e0c79310,0x00000000e0c80000)
  to   space 17408K, 0% used [0x00000000e2280000,0x00000000e2280000,0x00000000e3380000)
 ParOldGen       total 143872K, used 26812K [0x0000000080000000, 0x0000000088c80000, 0x00000000d5580000)
  object space 143872K, 18% used [0x0000000080000000,0x0000000081a2f110,0x0000000088c80000)
 Metaspace       used 50952K, capacity 53118K, committed 53288K, reserved 1095680K
  class space    used 6845K, capacity 7341K, committed 7464K, reserved 1048576K
}
Event: 13.488 GC heap before
{Heap before GC invocations=12 (full 2):
 PSYoungGen      total 187392K, used 72066K [0x00000000d5580000, 0x00000000e3380000, 0x0000000100000000)
  eden space 175616K, 34% used [0x00000000d5580000,0x00000000d9067758,0x00000000e0100000)
  from space 11776K, 99% used [0x00000000e0100000,0x00000000e0c79310,0x00000000e0c80000)
  to   space 17408K, 0% used [0x00000000e2280000,0x00000000e2280000,0x00000000e3380000)
 ParOldGen       total 143872K, used 26812K [0x0000000080000000, 0x0000000088c80000, 0x00000000d5580000)
  object space 143872K, 18% used [0x0000000080000000,0x0000000081a2f110,0x0000000088c80000)
 Metaspace       used 56520K, capacity 59090K, committed 59160K, reserved 1099776K
  class space    used 7750K, capacity 8298K, committed 8360K, reserved 1048576K
Event: 13.520 GC heap after
Heap after GC invocations=12 (full 2):
 PSYoungGen      total 207360K, used 17387K [0x00000000d5580000, 0x00000000e5a00000, 0x0000000100000000)
  eden space 189952K, 0% used [0x00000000d5580000,0x00000000d5580000,0x00000000e0f00000)
  from space 17408K, 99% used [0x00000000e2280000,0x00000000e337ae30,0x00000000e3380000)
  to   space 19968K, 0% used [0x00000000e0f00000,0x00000000e0f00000,0x00000000e2280000)
 ParOldGen       total 143872K, used 28484K [0x0000000080000000, 0x0000000088c80000, 0x00000000d5580000)
  object space 143872K, 19% used [0x0000000080000000,0x0000000081bd1370,0x0000000088c80000)
 Metaspace       used 56520K, capacity 59090K, committed 59160K, reserved 1099776K
  class space    used 7750K, capacity 8298K, committed 8360K, reserved 1048576K
}
Event: 13.521 GC heap before
{Heap before GC invocations=13 (full 3):
 PSYoungGen      total 207360K, used 17387K [0x00000000d5580000, 0x00000000e5a00000, 0x0000000100000000)
  eden space 189952K, 0% used [0x00000000d5580000,0x00000000d5580000,0x00000000e0f00000)
  from space 17408K, 99% used [0x00000000e2280000,0x00000000e337ae30,0x00000000e3380000)
  to   space 19968K, 0% used [0x00000000e0f00000,0x00000000e0f00000,0x00000000e2280000)
 ParOldGen       total 143872K, used 28484K [0x0000000080000000, 0x0000000088c80000, 0x00000000d5580000)
  object space 143872K, 19% used [0x0000000080000000,0x0000000081bd1370,0x0000000088c80000)
 Metaspace       used 56520K, capacity 59090K, committed 59160K, reserved 1099776K
  class space    used 7750K, capacity 8298K, committed 8360K, reserved 1048576K
Event: 13.917 GC heap after
Heap after GC invocations=13 (full 3):
 PSYoungGen      total 207360K, used 0K [0x00000000d5580000, 0x00000000e5a00000, 0x0000000100000000)
  eden space 189952K, 0% used [0x00000000d5580000,0x00000000d5580000,0x00000000e0f00000)
  from space 17408K, 0% used [0x00000000e2280000,0x00000000e2280000,0x00000000e3380000)
  to   space 19968K, 0% used [0x00000000e0f00000,0x00000000e0f00000,0x00000000e2280000)
 ParOldGen       total 228352K, used 43168K [0x0000000080000000, 0x000000008df00000, 0x00000000d5580000)
  object space 228352K, 18% used [0x0000000080000000,0x0000000082a281c0,0x000000008df00000)
 Metaspace       used 56484K, capacity 58970K, committed 59160K, reserved 1099776K
  class space    used 7739K, capacity 8278K, committed 8360K, reserved 1048576K
}
Event: 16.488 GC heap before
{Heap before GC invocations=14 (full 3):
 PSYoungGen      total 207360K, used 189952K [0x00000000d5580000, 0x00000000e5a00000, 0x0000000100000000)
  eden space 189952K, 100% used [0x00000000d5580000,0x00000000e0f00000,0x00000000e0f00000)
  from space 17408K, 0% used [0x00000000e2280000,0x00000000e2280000,0x00000000e3380000)
  to   space 19968K, 0% used [0x00000000e0f00000,0x00000000e0f00000,0x00000000e2280000)
 ParOldGen       total 228352K, used 43168K [0x0000000080000000, 0x000000008df00000, 0x00000000d5580000)
  object space 228352K, 18% used [0x0000000080000000,0x0000000082a281c0,0x000000008df00000)
 Metaspace       used 64385K, capacity 67790K, committed 68136K, reserved 1107968K
  class space    used 8966K, capacity 9642K, committed 9768K, reserved 1048576K
Event: 16.505 GC heap after
Heap after GC invocations=14 (full 3):
 PSYoungGen      total 209920K, used 15908K [0x00000000d5580000, 0x00000000e5880000, 0x0000000100000000)
  eden space 189952K, 0% used [0x00000000d5580000,0x00000000d5580000,0x00000000e0f00000)
  from space 19968K, 79% used [0x00000000e0f00000,0x00000000e1e89310,0x00000000e2280000)
  to   space 20992K, 0% used [0x00000000e4400000,0x00000000e4400000,0x00000000e5880000)
 ParOldGen       total 228352K, used 43176K [0x0000000080000000, 0x000000008df00000, 0x00000000d5580000)
  object space 228352K, 18% used [0x0000000080000000,0x0000000082a2a1c0,0x000000008df00000)
 Metaspace       used 64385K, capacity 67790K, committed 68136K, reserved 1107968K
  class space    used 8966K, capacity 9642K, committed 9768K, reserved 1048576K
}
Event: 17.899 GC heap before
{Heap before GC invocations=15 (full 3):
 PSYoungGen      total 209920K, used 205860K [0x00000000d5580000, 0x00000000e5880000, 0x0000000100000000)
  eden space 189952K, 100% used [0x00000000d5580000,0x00000000e0f00000,0x00000000e0f00000)
  from space 19968K, 79% used [0x00000000e0f00000,0x00000000e1e89310,0x00000000e2280000)
  to   space 20992K, 0% used [0x00000000e4400000,0x00000000e4400000,0x00000000e5880000)
 ParOldGen       total 228352K, used 43176K [0x0000000080000000, 0x000000008df00000, 0x00000000d5580000)
  object space 228352K, 18% used [0x0000000080000000,0x0000000082a2a1c0,0x000000008df00000)
 Metaspace       used 71461K, capacity 76228K, committed 76456K, reserved 1114112K
  class space    used 10008K, capacity 10885K, committed 10920K, reserved 1048576K
Event: 17.932 GC heap after
Heap after GC invocations=15 (full 3):
 PSYoungGen      total 210944K, used 20985K [0x00000000d5580000, 0x00000000e5880000, 0x0000000100000000)
  eden space 189952K, 0% used [0x00000000d5580000,0x00000000d5580000,0x00000000e0f00000)
  from space 20992K, 99% used [0x00000000e4400000,0x00000000e587e538,0x00000000e5880000)
  to   space 19968K, 0% used [0x00000000e0f00000,0x00000000e0f00000,0x00000000e2280000)
 ParOldGen       total 228352K, used 65302K [0x0000000080000000, 0x000000008df00000, 0x00000000d5580000)
  object space 228352K, 28% used [0x0000000080000000,0x0000000083fc5af0,0x000000008df00000)
 Metaspace       used 71461K, capacity 76228K, committed 76456K, reserved 1114112K
  class space    used 10008K, capacity 10885K, committed 10920K, reserved 1048576K
}

