# JRE version: OpenJDK Runtime Environment (8.0_242-b01) (build 1.8.0_242-release-1644-b01)
# Java VM: OpenJDK 64-Bit Server VM (25.242-b01 mixed mode windows-amd64 compressed oops)
Heap:
 PSYoungGen      total 204288K, used 19259K [0x00000000d5580000, 0x00000000e5200000, 0x0000000100000000)
  eden space 186880K, 10% used [0x00000000d5580000,0x00000000d684edf8,0x00000000e0c00000)
  from space 17408K, 0% used [0x00000000e1f80000,0x00000000e1f80000,0x00000000e3080000)
  to   space 19968K, 0% used [0x00000000e0c00000,0x00000000e0c00000,0x00000000e1f80000)
 ParOldGen       total 222208K, used 46235K [0x0000000080000000, 0x000000008d900000, 0x00000000d5580000)
  object space 222208K, 20% used [0x0000000080000000,0x0000000082d26e18,0x000000008d900000)
 Metaspace       used 67430K, capacity 70658K, committed 70952K, reserved 1112064K
  class space    used 9300K, capacity 9972K, committed 10024K, reserved 1048576K
GC Heap History (10 events):
Event: 13.277 GC heap before
{Heap before GC invocations=12 (full 2):
 PSYoungGen      total 182272K, used 69303K [0x00000000d5580000, 0x00000000e3080000, 0x0000000100000000)
  eden space 170496K, 33% used [0x00000000d5580000,0x00000000d8db1ef8,0x00000000dfc00000)
  from space 11776K, 99% used [0x00000000dfc00000,0x00000000e077c040,0x00000000e0780000)
  to   space 17408K, 0% used [0x00000000e1f80000,0x00000000e1f80000,0x00000000e3080000)
 ParOldGen       total 145920K, used 26471K [0x0000000080000000, 0x0000000088e80000, 0x00000000d5580000)
  object space 145920K, 18% used [0x0000000080000000,0x00000000819d9df8,0x0000000088e80000)
 Metaspace       used 56454K, capacity 59050K, committed 59160K, reserved 1099776K
  class space    used 7737K, capacity 8302K, committed 8360K, reserved 1048576K
Event: 13.307 GC heap after
Heap after GC invocations=12 (full 2):
 PSYoungGen      total 204288K, used 17382K [0x00000000d5580000, 0x00000000e5200000, 0x0000000100000000)
  eden space 186880K, 0% used [0x00000000d5580000,0x00000000d5580000,0x00000000e0c00000)
  from space 17408K, 99% used [0x00000000e1f80000,0x00000000e3079858,0x00000000e3080000)
  to   space 19968K, 0% used [0x00000000e0c00000,0x00000000e0c00000,0x00000000e1f80000)
 ParOldGen       total 145920K, used 28093K [0x0000000080000000, 0x0000000088e80000, 0x00000000d5580000)
  object space 145920K, 19% used [0x0000000080000000,0x0000000081b6f7f0,0x0000000088e80000)
 Metaspace       used 56454K, capacity 59050K, committed 59160K, reserved 1099776K
  class space    used 7737K, capacity 8302K, committed 8360K, reserved 1048576K
}
Event: 13.307 GC heap before
{Heap before GC invocations=13 (full 3):
 PSYoungGen      total 204288K, used 17382K [0x00000000d5580000, 0x00000000e5200000, 0x0000000100000000)
  eden space 186880K, 0% used [0x00000000d5580000,0x00000000d5580000,0x00000000e0c00000)
  from space 17408K, 99% used [0x00000000e1f80000,0x00000000e3079858,0x00000000e3080000)
  to   space 19968K, 0% used [0x00000000e0c00000,0x00000000e0c00000,0x00000000e1f80000)
 ParOldGen       total 145920K, used 28093K [0x0000000080000000, 0x0000000088e80000, 0x00000000d5580000)
  object space 145920K, 19% used [0x0000000080000000,0x0000000081b6f7f0,0x0000000088e80000)
 Metaspace       used 56454K, capacity 59050K, committed 59160K, reserved 1099776K
  class space    used 7737K, capacity 8302K, committed 8360K, reserved 1048576K
Event: 13.710 GC heap after
Heap after GC invocations=13 (full 3):
 PSYoungGen      total 204288K, used 0K [0x00000000d5580000, 0x00000000e5200000, 0x0000000100000000)
  eden space 186880K, 0% used [0x00000000d5580000,0x00000000d5580000,0x00000000e0c00000)
  from space 17408K, 0% used [0x00000000e1f80000,0x00000000e1f80000,0x00000000e3080000)
  to   space 19968K, 0% used [0x00000000e0c00000,0x00000000e0c00000,0x00000000e1f80000)
 ParOldGen       total 222208K, used 34208K [0x0000000080000000, 0x000000008d900000, 0x00000000d5580000)
  object space 222208K, 15% used [0x0000000080000000,0x0000000082168380,0x000000008d900000)
 Metaspace       used 56402K, capacity 58876K, committed 59160K, reserved 1099776K
  class space    used 7721K, capacity 8273K, committed 8360K, reserved 1048576K
}
Event: 16.356 GC heap before
{Heap before GC invocations=14 (full 3):
 PSYoungGen      total 204288K, used 186880K [0x00000000d5580000, 0x00000000e5200000, 0x0000000100000000)
  eden space 186880K, 100% used [0x00000000d5580000,0x00000000e0c00000,0x00000000e0c00000)
  from space 17408K, 0% used [0x00000000e1f80000,0x00000000e1f80000,0x00000000e3080000)
  to   space 19968K, 0% used [0x00000000e0c00000,0x00000000e0c00000,0x00000000e1f80000)
 ParOldGen       total 222208K, used 34208K [0x0000000080000000, 0x000000008d900000, 0x00000000d5580000)
  object space 222208K, 15% used [0x0000000080000000,0x0000000082168380,0x000000008d900000)
 Metaspace       used 64265K, capacity 67498K, committed 67752K, reserved 1107968K
  class space    used 8933K, capacity 9584K, committed 9640K, reserved 1048576K
Event: 16.371 GC heap after
Heap after GC invocations=14 (full 3):
 PSYoungGen      total 206848K, used 16208K [0x00000000d5580000, 0x00000000e5200000, 0x0000000100000000)
  eden space 186880K, 0% used [0x00000000d5580000,0x00000000d5580000,0x00000000e0c00000)
  from space 19968K, 81% used [0x00000000e0c00000,0x00000000e1bd4388,0x00000000e1f80000)
  to   space 17408K, 0% used [0x00000000e1f80000,0x00000000e1f80000,0x00000000e3080000)
 ParOldGen       total 222208K, used 34216K [0x0000000080000000, 0x000000008d900000, 0x00000000d5580000)
  object space 222208K, 15% used [0x0000000080000000,0x000000008216a380,0x000000008d900000)
 Metaspace       used 64265K, capacity 67498K, committed 67752K, reserved 1107968K
  class space    used 8933K, capacity 9584K, committed 9640K, reserved 1048576K
}
Event: 17.301 GC heap before
{Heap before GC invocations=15 (full 3):
 PSYoungGen      total 206848K, used 98013K [0x00000000d5580000, 0x00000000e5200000, 0x0000000100000000)
  eden space 186880K, 43% used [0x00000000d5580000,0x00000000da5631b0,0x00000000e0c00000)
  from space 19968K, 81% used [0x00000000e0c00000,0x00000000e1bd4388,0x00000000e1f80000)
  to   space 17408K, 0% used [0x00000000e1f80000,0x00000000e1f80000,0x00000000e3080000)
 ParOldGen       total 222208K, used 34216K [0x0000000080000000, 0x000000008d900000, 0x00000000d5580000)
  object space 222208K, 15% used [0x0000000080000000,0x000000008216a380,0x000000008d900000)
 Metaspace       used 67234K, capacity 70638K, committed 70696K, reserved 1114112K
  class space    used 9289K, capacity 9986K, committed 10024K, reserved 1048576K
Event: 17.315 GC heap after
Heap after GC invocations=15 (full 3):
 PSYoungGen      total 204288K, used 17204K [0x00000000d5580000, 0x00000000e5200000, 0x0000000100000000)
  eden space 186880K, 0% used [0x00000000d5580000,0x00000000d5580000,0x00000000e0c00000)
  from space 17408K, 98% used [0x00000000e1f80000,0x00000000e304d070,0x00000000e3080000)
  to   space 19968K, 0% used [0x00000000e0c00000,0x00000000e0c00000,0x00000000e1f80000)
 ParOldGen       total 222208K, used 34224K [0x0000000080000000, 0x000000008d900000, 0x00000000d5580000)
  object space 222208K, 15% used [0x0000000080000000,0x000000008216c380,0x000000008d900000)
 Metaspace       used 67234K, capacity 70638K, committed 70696K, reserved 1114112K
  class space    used 9289K, capacity 9986K, committed 10024K, reserved 1048576K
}
Event: 17.315 GC heap before
{Heap before GC invocations=16 (full 4):
 PSYoungGen      total 204288K, used 17204K [0x00000000d5580000, 0x00000000e5200000, 0x0000000100000000)
  eden space 186880K, 0% used [0x00000000d5580000,0x00000000d5580000,0x00000000e0c00000)
  from space 17408K, 98% used [0x00000000e1f80000,0x00000000e304d070,0x00000000e3080000)
  to   space 19968K, 0% used [0x00000000e0c00000,0x00000000e0c00000,0x00000000e1f80000)
 ParOldGen       total 222208K, used 34224K [0x0000000080000000, 0x000000008d900000, 0x00000000d5580000)
  object space 222208K, 15% used [0x0000000080000000,0x000000008216c380,0x000000008d900000)
 Metaspace       used 67234K, capacity 70638K, committed 70696K, reserved 1114112K
  class space    used 9289K, capacity 9986K, committed 10024K, reserved 1048576K
Event: 17.496 GC heap after
Heap after GC invocations=16 (full 4):
 PSYoungGen      total 204288K, used 0K [0x00000000d5580000, 0x00000000e5200000, 0x0000000100000000)
  eden space 186880K, 0% used [0x00000000d5580000,0x00000000d5580000,0x00000000e0c00000)
  from space 17408K, 0% used [0x00000000e1f80000,0x00000000e1f80000,0x00000000e3080000)
  to   space 19968K, 0% used [0x00000000e0c00000,0x00000000e0c00000,0x00000000e1f80000)
 ParOldGen       total 222208K, used 46235K [0x0000000080000000, 0x000000008d900000, 0x00000000d5580000)
  object space 222208K, 20% used [0x0000000080000000,0x0000000082d26e18,0x000000008d900000)
 Metaspace       used 67134K, capacity 70340K, committed 70696K, reserved 1112064K
  class space    used 9258K, capacity 9931K, committed 10024K, reserved 1048576K
}

