# JRE version: OpenJDK Runtime Environment (8.0_242-b01) (build 1.8.0_242-release-1644-b01)
# Java VM: OpenJDK 64-Bit Server VM (25.242-b01 mixed mode windows-amd64 compressed oops)
Heap:
 PSYoungGen      total 275968K, used 98565K [0x00000000d5580000, 0x00000000e8000000, 0x0000000100000000)
  eden space 250368K, 39% used [0x00000000d5580000,0x00000000db5c1580,0x00000000e4a00000)
  from space 25600K, 0% used [0x00000000e6700000,0x00000000e6700000,0x00000000e8000000)
  to   space 27648K, 0% used [0x00000000e4a00000,0x00000000e4a00000,0x00000000e6500000)
 ParOldGen       total 217600K, used 65960K [0x0000000080000000, 0x000000008d480000, 0x00000000d5580000)
  object space 217600K, 30% used [0x0000000080000000,0x000000008406a2f0,0x000000008d480000)
 Metaspace       used 84654K, capacity 89749K, committed 90024K, reserved 1132544K
  class space    used 11576K, capacity 12650K, committed 12712K, reserved 1048576K
GC Heap History (10 events):
Event: 26.315 GC heap before
{Heap before GC invocations=16 (full 3):
 PSYoungGen      total 244736K, used 242945K [0x00000000d5580000, 0x00000000e5f00000, 0x0000000100000000)
  eden space 221696K, 100% used [0x00000000d5580000,0x00000000e2e00000,0x00000000e2e00000)
  from space 23040K, 92% used [0x00000000e4700000,0x00000000e5bc07e8,0x00000000e5d80000)
  to   space 25088K, 0% used [0x00000000e2e00000,0x00000000e2e00000,0x00000000e4680000)
 ParOldGen       total 217600K, used 37563K [0x0000000080000000, 0x000000008d480000, 0x00000000d5580000)
  object space 217600K, 17% used [0x0000000080000000,0x00000000824aee88,0x000000008d480000)
 Metaspace       used 71164K, capacity 74862K, committed 75176K, reserved 1114112K
  class space    used 9619K, capacity 10326K, committed 10408K, reserved 1048576K
Event: 26.335 GC heap after
Heap after GC invocations=16 (full 3):
 PSYoungGen      total 246784K, used 25076K [0x00000000d5580000, 0x00000000e8300000, 0x0000000100000000)
  eden space 221696K, 0% used [0x00000000d5580000,0x00000000d5580000,0x00000000e2e00000)
  from space 25088K, 99% used [0x00000000e2e00000,0x00000000e467d058,0x00000000e4680000)
  to   space 28672K, 0% used [0x00000000e6700000,0x00000000e6700000,0x00000000e8300000)
 ParOldGen       total 217600K, used 37685K [0x0000000080000000, 0x000000008d480000, 0x00000000d5580000)
  object space 217600K, 17% used [0x0000000080000000,0x00000000824cd578,0x000000008d480000)
 Metaspace       used 71164K, capacity 74862K, committed 75176K, reserved 1114112K
  class space    used 9619K, capacity 10326K, committed 10408K, reserved 1048576K
}
Event: 29.867 GC heap before
{Heap before GC invocations=17 (full 3):
 PSYoungGen      total 246784K, used 246772K [0x00000000d5580000, 0x00000000e8300000, 0x0000000100000000)
  eden space 221696K, 100% used [0x00000000d5580000,0x00000000e2e00000,0x00000000e2e00000)
  from space 25088K, 99% used [0x00000000e2e00000,0x00000000e467d058,0x00000000e4680000)
  to   space 28672K, 0% used [0x00000000e6700000,0x00000000e6700000,0x00000000e8300000)
 ParOldGen       total 217600K, used 37685K [0x0000000080000000, 0x000000008d480000, 0x00000000d5580000)
  object space 217600K, 17% used [0x0000000080000000,0x00000000824cd578,0x000000008d480000)
 Metaspace       used 75834K, capacity 79732K, committed 79784K, reserved 1118208K
  class space    used 10156K, capacity 10897K, committed 10920K, reserved 1048576K
Event: 29.904 GC heap after
Heap after GC invocations=17 (full 3):
 PSYoungGen      total 275968K, used 11485K [0x00000000d5580000, 0x00000000e8000000, 0x0000000100000000)
  eden space 250368K, 0% used [0x00000000d5580000,0x00000000d5580000,0x00000000e4a00000)
  from space 25600K, 44% used [0x00000000e6700000,0x00000000e7237730,0x00000000e8000000)
  to   space 27648K, 0% used [0x00000000e4a00000,0x00000000e4a00000,0x00000000e6500000)
 ParOldGen       total 217600K, used 52223K [0x0000000080000000, 0x000000008d480000, 0x00000000d5580000)
  object space 217600K, 23% used [0x0000000080000000,0x00000000832ffce0,0x000000008d480000)
 Metaspace       used 75834K, capacity 79732K, committed 79784K, reserved 1118208K
  class space    used 10156K, capacity 10897K, committed 10920K, reserved 1048576K
}
Event: 32.451 GC heap before
{Heap before GC invocations=18 (full 3):
 PSYoungGen      total 275968K, used 261853K [0x00000000d5580000, 0x00000000e8000000, 0x0000000100000000)
  eden space 250368K, 100% used [0x00000000d5580000,0x00000000e4a00000,0x00000000e4a00000)
  from space 25600K, 44% used [0x00000000e6700000,0x00000000e7237730,0x00000000e8000000)
  to   space 27648K, 0% used [0x00000000e4a00000,0x00000000e4a00000,0x00000000e6500000)
 ParOldGen       total 217600K, used 52223K [0x0000000080000000, 0x000000008d480000, 0x00000000d5580000)
  object space 217600K, 23% used [0x0000000080000000,0x00000000832ffce0,0x000000008d480000)
 Metaspace       used 80108K, capacity 85052K, committed 85288K, reserved 1122304K
  class space    used 10792K, capacity 11727K, committed 11816K, reserved 1048576K
Event: 32.464 GC heap after
Heap after GC invocations=18 (full 3):
 PSYoungGen      total 278016K, used 27643K [0x00000000d5580000, 0x00000000e8000000, 0x0000000100000000)
  eden space 250368K, 0% used [0x00000000d5580000,0x00000000d5580000,0x00000000e4a00000)
  from space 27648K, 99% used [0x00000000e4a00000,0x00000000e64fef78,0x00000000e6500000)
  to   space 25600K, 0% used [0x00000000e6700000,0x00000000e6700000,0x00000000e8000000)
 ParOldGen       total 217600K, used 53569K [0x0000000080000000, 0x000000008d480000, 0x00000000d5580000)
  object space 217600K, 24% used [0x0000000080000000,0x00000000834506f8,0x000000008d480000)
 Metaspace       used 80108K, capacity 85052K, committed 85288K, reserved 1122304K
  class space    used 10792K, capacity 11727K, committed 11816K, reserved 1048576K
}
Event: 32.497 GC heap before
{Heap before GC invocations=19 (full 3):
 PSYoungGen      total 278016K, used 37905K [0x00000000d5580000, 0x00000000e8000000, 0x0000000100000000)
  eden space 250368K, 4% used [0x00000000d5580000,0x00000000d5f857d0,0x00000000e4a00000)
  from space 27648K, 99% used [0x00000000e4a00000,0x00000000e64fef78,0x00000000e6500000)
  to   space 25600K, 0% used [0x00000000e6700000,0x00000000e6700000,0x00000000e8000000)
 ParOldGen       total 217600K, used 53569K [0x0000000080000000, 0x000000008d480000, 0x00000000d5580000)
  object space 217600K, 24% used [0x0000000080000000,0x00000000834506f8,0x000000008d480000)
 Metaspace       used 80759K, capacity 85856K, committed 85928K, reserved 1130496K
  class space    used 10909K, capacity 11872K, committed 11944K, reserved 1048576K
Event: 32.507 GC heap after
Heap after GC invocations=19 (full 3):
 PSYoungGen      total 275968K, used 16623K [0x00000000d5580000, 0x00000000e8000000, 0x0000000100000000)
  eden space 250368K, 0% used [0x00000000d5580000,0x00000000d5580000,0x00000000e4a00000)
  from space 25600K, 64% used [0x00000000e6700000,0x00000000e773bd18,0x00000000e8000000)
  to   space 27648K, 0% used [0x00000000e4a00000,0x00000000e4a00000,0x00000000e6500000)
 ParOldGen       total 217600K, used 60159K [0x0000000080000000, 0x000000008d480000, 0x00000000d5580000)
  object space 217600K, 27% used [0x0000000080000000,0x0000000083abfc50,0x000000008d480000)
 Metaspace       used 80759K, capacity 85856K, committed 85928K, reserved 1130496K
  class space    used 10909K, capacity 11872K, committed 11944K, reserved 1048576K
}
Event: 32.507 GC heap before
{Heap before GC invocations=20 (full 4):
 PSYoungGen      total 275968K, used 16623K [0x00000000d5580000, 0x00000000e8000000, 0x0000000100000000)
  eden space 250368K, 0% used [0x00000000d5580000,0x00000000d5580000,0x00000000e4a00000)
  from space 25600K, 64% used [0x00000000e6700000,0x00000000e773bd18,0x00000000e8000000)
  to   space 27648K, 0% used [0x00000000e4a00000,0x00000000e4a00000,0x00000000e6500000)
 ParOldGen       total 217600K, used 60159K [0x0000000080000000, 0x000000008d480000, 0x00000000d5580000)
  object space 217600K, 27% used [0x0000000080000000,0x0000000083abfc50,0x000000008d480000)
 Metaspace       used 80759K, capacity 85856K, committed 85928K, reserved 1130496K
  class space    used 10909K, capacity 11872K, committed 11944K, reserved 1048576K
Event: 32.638 GC heap after
Heap after GC invocations=20 (full 4):
 PSYoungGen      total 275968K, used 0K [0x00000000d5580000, 0x00000000e8000000, 0x0000000100000000)
  eden space 250368K, 0% used [0x00000000d5580000,0x00000000d5580000,0x00000000e4a00000)
  from space 25600K, 0% used [0x00000000e6700000,0x00000000e6700000,0x00000000e8000000)
  to   space 27648K, 0% used [0x00000000e4a00000,0x00000000e4a00000,0x00000000e6500000)
 ParOldGen       total 217600K, used 65960K [0x0000000080000000, 0x000000008d480000, 0x00000000d5580000)
  object space 217600K, 30% used [0x0000000080000000,0x000000008406a2f0,0x000000008d480000)
 Metaspace       used 80037K, capacity 83859K, committed 85928K, reserved 1126400K
  class space    used 10673K, capacity 11455K, committed 11944K, reserved 1048576K
}

